<?xml version="1.0" encoding="UTF-8"?>
<!-- Generated by org.testng.reporters.JUnitXMLReporter -->
<testsuite hostname="DESKTOP-QRL4CCR" ignored="4" name="Test" tests="9" failures="0" timestamp="2020-09-01T10:45:41 IST" time="44.608" errors="0">
  <testcase name="titleVerify" time="4.184" classname="TestNG.NewTest"/>
  <testcase name="HeadingVerify" time="0.049" classname="TestNG.NewTest"/>
  <testcase name="FirstInfoboxVerify" time="5.037" classname="TestNG.NewTest"/>
  <testcase name="SecondMostPopularcourseVerify" time="0.073" classname="TestNG.NewTest"/>
  <testcase name="NumberOfCourseVerify" time="0.86" classname="TestNG.NewTest"/>
  <testcase name="SompletelessionVerify" time="0.164" classname="TestNG.NewTest"/>
  <testcase name="MyaccountLoginVerify" time="0.046" classname="TestNG.NewTest2"/>
  <testcase name="MyaccountloginAccessVerify" time="17.756" classname="TestNG.NewTest2"/>
  <testcase name="ContactUsModuleVerify" time="7.534" classname="TestNG.NewTest3"/>
  <testcase name="@AfterTest teardown" time="0.0" classname="Base.Initialize">
    <ignored/>
  </testcase> <!-- @AfterTest teardown -->
  <testcase name="@AfterTest teardown" time="0.0" classname="Base.Initialize">
    <ignored/>
  </testcase> <!-- @AfterTest teardown -->
  <testcase name="@BeforeTest initializeDriver" time="0.0" classname="Base.Initialize">
    <ignored/>
  </testcase> <!-- @BeforeTest initializeDriver -->
  <testcase name="@BeforeTest initializeDriver" time="0.0" classname="Base.Initialize">
    <ignored/>
  </testcase> <!-- @BeforeTest initializeDriver -->
</testsuite> <!-- Test -->
